[0.000000] (-) TimerEvent: {}
[0.000134] (-) JobUnselected: {'identifier': 'number_square_py'}
[0.000167] (number_square_cpp) JobQueued: {'identifier': 'number_square_cpp', 'dependencies': OrderedDict()}
[0.000193] (number_square_cpp) JobStarted: {'identifier': 'number_square_cpp'}
[0.006984] (number_square_cpp) JobProgress: {'identifier': 'number_square_cpp', 'progress': 'cmake'}
[0.007249] (number_square_cpp) Command: {'cmd': ['/usr/bin/cmake', '/home/arpit/ros2_ws/src/number_square_cpp', '-DCMAKE_INSTALL_PREFIX=/home/arpit/ros2_ws/install/number_square_cpp'], 'cwd': '/home/arpit/ros2_ws/build/number_square_cpp', 'env': OrderedDict([('LANGUAGE', 'en_IN:en'), ('USER', 'arpit'), ('XDG_SESSION_TYPE', 'wayland'), ('SHLVL', '1'), ('LD_LIBRARY_PATH', '/usr/lib/x86_64-linux-gnu/gazebo-11/plugins:/opt/ros/humble/opt/rviz_ogre_vendor/lib:/opt/ros/humble/lib/x86_64-linux-gnu:/opt/ros/humble/lib'), ('OLDPWD', '/home/arpit'), ('HOME', '/home/arpit'), ('DESKTOP_SESSION', 'ubuntu'), ('GTK_MODULES', 'gail:atk-bridge'), ('GNOME_SHELL_SESSION_MODE', 'ubuntu'), ('ROS_PYTHON_VERSION', '3'), ('SYSTEMD_EXEC_PID', '1662'), ('DBUS_SESSION_BUS_ADDRESS', 'unix:path=/run/user/1000/bus'), ('COLORTERM', 'truecolor'), ('WAYLAND_DISPLAY', 'wayland-0'), ('ROS_DISTRO', 'humble'), ('LOGNAME', 'arpit'), ('_', '/usr/bin/colcon'), ('XDG_SESSION_CLASS', 'user'), ('ROS_VERSION', '2'), ('USERNAME', 'arpit'), ('TERM', 'xterm-256color'), ('GNOME_DESKTOP_SESSION_ID', 'this-is-deprecated'), ('ROS_LOCALHOST_ONLY', '0'), ('PATH', '/opt/ros/humble/bin:/usr/local/sbin:/usr/local/bin:/usr/sbin:/usr/bin:/sbin:/bin:/usr/games:/usr/local/games:/snap/bin:/snap/bin'), ('SESSION_MANAGER', 'local/sri:@/tmp/.ICE-unix/1625,unix/sri:/tmp/.ICE-unix/1625'), ('GNOME_TERMINAL_SCREEN', '/org/gnome/Terminal/screen/e73070e7_b057_4bdc_bcf8_fdbe7148f952'), ('XDG_MENU_PREFIX', 'gnome-'), ('GNOME_SETUP_DISPLAY', ':1'), ('XDG_RUNTIME_DIR', '/run/user/1000'), ('DISPLAY', ':0'), ('LANG', 'en_US.UTF-8'), ('XDG_CURRENT_DESKTOP', 'ubuntu:GNOME'), ('XDG_SESSION_DESKTOP', 'ubuntu'), ('GNOME_TERMINAL_SERVICE', ':1.146'), ('XMODIFIERS', '@im=ibus'), ('XAUTHORITY', '/run/user/1000/.mutter-Xwaylandauth.ZKWD62'), ('SSH_AUTH_SOCK', '/run/user/1000/keyring/ssh'), ('SSH_AGENT_LAUNCHER', 'gnome-keyring'), ('AMENT_PREFIX_PATH', '/opt/ros/humble'), ('SHELL', '/usr/bin/zsh'), ('QT_ACCESSIBILITY', '1'), ('GDMSESSION', 'ubuntu'), ('QT_IM_MODULE', 'ibus'), ('LC_ALL', 'en_US.UTF-8'), ('PWD', '/home/arpit/ros2_ws/build/number_square_cpp'), ('XDG_DATA_DIRS', '/usr/local/share/:/usr/share/:/var/lib/snapd/desktop'), ('PYTHONPATH', '/opt/ros/humble/lib/python3.10/site-packages:/opt/ros/humble/local/lib/python3.10/dist-packages'), ('COLCON', '1'), ('VTE_VERSION', '6800'), ('CMAKE_PREFIX_PATH', '/opt/ros/humble')]), 'shell': False}
[0.099687] (-) TimerEvent: {}
[0.156283] (number_square_cpp) StdoutLine: {'line': b'-- The C compiler identification is GNU 11.4.0\n'}
[0.199781] (-) TimerEvent: {}
[0.262219] (number_square_cpp) StdoutLine: {'line': b'-- The CXX compiler identification is GNU 11.4.0\n'}
[0.270204] (number_square_cpp) StdoutLine: {'line': b'-- Detecting C compiler ABI info\n'}
[0.299891] (-) TimerEvent: {}
[0.346485] (number_square_cpp) StdoutLine: {'line': b'-- Detecting C compiler ABI info - done\n'}
[0.355750] (number_square_cpp) StdoutLine: {'line': b'-- Check for working C compiler: /usr/bin/cc - skipped\n'}
[0.356790] (number_square_cpp) StdoutLine: {'line': b'-- Detecting C compile features\n'}
[0.357605] (number_square_cpp) StdoutLine: {'line': b'-- Detecting C compile features - done\n'}
[0.362112] (number_square_cpp) StdoutLine: {'line': b'-- Detecting CXX compiler ABI info\n'}
[0.400037] (-) TimerEvent: {}
[0.450657] (number_square_cpp) StdoutLine: {'line': b'-- Detecting CXX compiler ABI info - done\n'}
[0.458638] (number_square_cpp) StdoutLine: {'line': b'-- Check for working CXX compiler: /usr/bin/c++ - skipped\n'}
[0.458996] (number_square_cpp) StdoutLine: {'line': b'-- Detecting CXX compile features\n'}
[0.459522] (number_square_cpp) StdoutLine: {'line': b'-- Detecting CXX compile features - done\n'}
[0.464084] (number_square_cpp) StdoutLine: {'line': b'-- Found ament_cmake: 1.3.11 (/opt/ros/humble/share/ament_cmake/cmake)\n'}
[0.500161] (-) TimerEvent: {}
[0.600503] (-) TimerEvent: {}
[0.602151] (number_square_cpp) StdoutLine: {'line': b'-- Found Python3: /usr/bin/python3 (found version "3.10.12") found components: Interpreter \n'}
[0.685349] (number_square_cpp) StdoutLine: {'line': b'-- Found rclcpp: 16.0.12 (/opt/ros/humble/share/rclcpp/cmake)\n'}
[0.700608] (-) TimerEvent: {}
[0.732783] (number_square_cpp) StdoutLine: {'line': b'-- Found rosidl_generator_c: 3.1.6 (/opt/ros/humble/share/rosidl_generator_c/cmake)\n'}
[0.736488] (number_square_cpp) StdoutLine: {'line': b'-- Found rosidl_adapter: 3.1.6 (/opt/ros/humble/share/rosidl_adapter/cmake)\n'}
[0.743182] (number_square_cpp) StdoutLine: {'line': b'-- Found rosidl_generator_cpp: 3.1.6 (/opt/ros/humble/share/rosidl_generator_cpp/cmake)\n'}
[0.754348] (number_square_cpp) StdoutLine: {'line': b'-- Using all available rosidl_typesupport_c: rosidl_typesupport_fastrtps_c;rosidl_typesupport_introspection_c\n'}
[0.769879] (number_square_cpp) StdoutLine: {'line': b'-- Using all available rosidl_typesupport_cpp: rosidl_typesupport_fastrtps_cpp;rosidl_typesupport_introspection_cpp\n'}
[0.800677] (-) TimerEvent: {}
[0.803504] (number_square_cpp) StdoutLine: {'line': b'-- Found rmw_implementation_cmake: 6.1.2 (/opt/ros/humble/share/rmw_implementation_cmake/cmake)\n'}
[0.805774] (number_square_cpp) StdoutLine: {'line': b'-- Found rmw_fastrtps_cpp: 6.2.7 (/opt/ros/humble/share/rmw_fastrtps_cpp/cmake)\n'}
[0.888795] (number_square_cpp) StdoutLine: {'line': b'-- Found OpenSSL: /usr/lib/x86_64-linux-gnu/libcrypto.so (found version "3.0.2")  \n'}
[0.900758] (-) TimerEvent: {}
[0.918785] (number_square_cpp) StdoutLine: {'line': b'-- Found FastRTPS: /opt/ros/humble/include  \n'}
[0.952845] (number_square_cpp) StdoutLine: {'line': b"-- Using RMW implementation 'rmw_fastrtps_cpp' as default\n"}
[0.961724] (number_square_cpp) StdoutLine: {'line': b'-- Looking for pthread.h\n'}
[1.000915] (-) TimerEvent: {}
[1.045442] (number_square_cpp) StdoutLine: {'line': b'-- Looking for pthread.h - found\n'}
[1.046086] (number_square_cpp) StdoutLine: {'line': b'-- Performing Test CMAKE_HAVE_LIBC_PTHREAD\n'}
[1.101032] (-) TimerEvent: {}
[1.133004] (number_square_cpp) StdoutLine: {'line': b'-- Performing Test CMAKE_HAVE_LIBC_PTHREAD - Success\n'}
[1.134589] (number_square_cpp) StdoutLine: {'line': b'-- Found Threads: TRUE  \n'}
[1.177419] (number_square_cpp) StdoutLine: {'line': b'-- Found ament_lint_auto: 0.12.12 (/opt/ros/humble/share/ament_lint_auto/cmake)\n'}
[1.201235] (-) TimerEvent: {}
[1.233259] (number_square_cpp) StdoutLine: {'line': b"-- Added test 'cppcheck' to perform static code analysis on C / C++ code\n"}
[1.233456] (number_square_cpp) StdoutLine: {'line': b'-- Configured cppcheck include dirs: \n'}
[1.233644] (number_square_cpp) StdoutLine: {'line': b'-- Configured cppcheck exclude dirs and/or files: \n'}
[1.234269] (number_square_cpp) StdoutLine: {'line': b"-- Added test 'lint_cmake' to check CMake code style\n"}
[1.235455] (number_square_cpp) StdoutLine: {'line': b"-- Added test 'uncrustify' to check C / C++ code style\n"}
[1.235509] (number_square_cpp) StdoutLine: {'line': b'-- Configured uncrustify additional arguments: \n'}
[1.236062] (number_square_cpp) StdoutLine: {'line': b"-- Added test 'xmllint' to check XML markup files\n"}
[1.237156] (number_square_cpp) StdoutLine: {'line': b'-- Configuring done\n'}
[1.243724] (number_square_cpp) StdoutLine: {'line': b'-- Generating done\n'}
[1.246432] (number_square_cpp) StdoutLine: {'line': b'-- Build files have been written to: /home/arpit/ros2_ws/build/number_square_cpp\n'}
[1.252193] (number_square_cpp) CommandEnded: {'returncode': 0}
[1.253446] (number_square_cpp) JobProgress: {'identifier': 'number_square_cpp', 'progress': 'build'}
[1.253465] (number_square_cpp) Command: {'cmd': ['/usr/bin/cmake', '--build', '/home/arpit/ros2_ws/build/number_square_cpp', '--', '-j16', '-l16'], 'cwd': '/home/arpit/ros2_ws/build/number_square_cpp', 'env': OrderedDict([('LANGUAGE', 'en_IN:en'), ('USER', 'arpit'), ('XDG_SESSION_TYPE', 'wayland'), ('SHLVL', '1'), ('LD_LIBRARY_PATH', '/usr/lib/x86_64-linux-gnu/gazebo-11/plugins:/opt/ros/humble/opt/rviz_ogre_vendor/lib:/opt/ros/humble/lib/x86_64-linux-gnu:/opt/ros/humble/lib'), ('OLDPWD', '/home/arpit'), ('HOME', '/home/arpit'), ('DESKTOP_SESSION', 'ubuntu'), ('GTK_MODULES', 'gail:atk-bridge'), ('GNOME_SHELL_SESSION_MODE', 'ubuntu'), ('ROS_PYTHON_VERSION', '3'), ('SYSTEMD_EXEC_PID', '1662'), ('DBUS_SESSION_BUS_ADDRESS', 'unix:path=/run/user/1000/bus'), ('COLORTERM', 'truecolor'), ('WAYLAND_DISPLAY', 'wayland-0'), ('ROS_DISTRO', 'humble'), ('LOGNAME', 'arpit'), ('_', '/usr/bin/colcon'), ('XDG_SESSION_CLASS', 'user'), ('ROS_VERSION', '2'), ('USERNAME', 'arpit'), ('TERM', 'xterm-256color'), ('GNOME_DESKTOP_SESSION_ID', 'this-is-deprecated'), ('ROS_LOCALHOST_ONLY', '0'), ('PATH', '/opt/ros/humble/bin:/usr/local/sbin:/usr/local/bin:/usr/sbin:/usr/bin:/sbin:/bin:/usr/games:/usr/local/games:/snap/bin:/snap/bin'), ('SESSION_MANAGER', 'local/sri:@/tmp/.ICE-unix/1625,unix/sri:/tmp/.ICE-unix/1625'), ('GNOME_TERMINAL_SCREEN', '/org/gnome/Terminal/screen/e73070e7_b057_4bdc_bcf8_fdbe7148f952'), ('XDG_MENU_PREFIX', 'gnome-'), ('GNOME_SETUP_DISPLAY', ':1'), ('XDG_RUNTIME_DIR', '/run/user/1000'), ('DISPLAY', ':0'), ('LANG', 'en_US.UTF-8'), ('XDG_CURRENT_DESKTOP', 'ubuntu:GNOME'), ('XDG_SESSION_DESKTOP', 'ubuntu'), ('GNOME_TERMINAL_SERVICE', ':1.146'), ('XMODIFIERS', '@im=ibus'), ('XAUTHORITY', '/run/user/1000/.mutter-Xwaylandauth.ZKWD62'), ('SSH_AUTH_SOCK', '/run/user/1000/keyring/ssh'), ('SSH_AGENT_LAUNCHER', 'gnome-keyring'), ('AMENT_PREFIX_PATH', '/opt/ros/humble'), ('SHELL', '/usr/bin/zsh'), ('QT_ACCESSIBILITY', '1'), ('GDMSESSION', 'ubuntu'), ('QT_IM_MODULE', 'ibus'), ('LC_ALL', 'en_US.UTF-8'), ('PWD', '/home/arpit/ros2_ws/build/number_square_cpp'), ('XDG_DATA_DIRS', '/usr/local/share/:/usr/share/:/var/lib/snapd/desktop'), ('PYTHONPATH', '/opt/ros/humble/lib/python3.10/site-packages:/opt/ros/humble/local/lib/python3.10/dist-packages'), ('COLCON', '1'), ('VTE_VERSION', '6800'), ('CMAKE_PREFIX_PATH', '/opt/ros/humble')]), 'shell': False}
[1.300343] (number_square_cpp) StdoutLine: {'line': b'[ 25%] \x1b[32mBuilding CXX object CMakeFiles/square_subscriber.dir/src/square_subscriber.cpp.o\x1b[0m\n'}
[1.300853] (number_square_cpp) StdoutLine: {'line': b'[ 50%] \x1b[32mBuilding CXX object CMakeFiles/number_publisher.dir/src/number_publisher.cpp.o\x1b[0m\n'}
[1.301323] (-) TimerEvent: {}
[1.401606] (-) TimerEvent: {}
[1.501951] (-) TimerEvent: {}
[1.602289] (-) TimerEvent: {}
[1.702632] (-) TimerEvent: {}
[1.802876] (-) TimerEvent: {}
[1.903232] (-) TimerEvent: {}
[2.003591] (-) TimerEvent: {}
[2.103953] (-) TimerEvent: {}
[2.204311] (-) TimerEvent: {}
[2.304656] (-) TimerEvent: {}
[2.405011] (-) TimerEvent: {}
[2.505359] (-) TimerEvent: {}
[2.605735] (-) TimerEvent: {}
[2.706092] (-) TimerEvent: {}
[2.806448] (-) TimerEvent: {}
[2.906807] (-) TimerEvent: {}
[3.007156] (-) TimerEvent: {}
[3.107516] (-) TimerEvent: {}
[3.207871] (-) TimerEvent: {}
[3.308221] (-) TimerEvent: {}
[3.408577] (-) TimerEvent: {}
[3.508919] (-) TimerEvent: {}
[3.609258] (-) TimerEvent: {}
[3.709515] (-) TimerEvent: {}
[3.809808] (-) TimerEvent: {}
[3.910089] (-) TimerEvent: {}
[3.965943] (number_square_cpp) StdoutLine: {'line': b'[ 75%] \x1b[32m\x1b[1mLinking CXX executable number_publisher\x1b[0m\n'}
[4.010197] (-) TimerEvent: {}
[4.087587] (number_square_cpp) StdoutLine: {'line': b'[ 75%] Built target number_publisher\n'}
[4.110276] (-) TimerEvent: {}
[4.210526] (-) TimerEvent: {}
[4.310992] (-) TimerEvent: {}
[4.411329] (-) TimerEvent: {}
[4.511754] (-) TimerEvent: {}
[4.612173] (-) TimerEvent: {}
[4.712559] (-) TimerEvent: {}
[4.812879] (-) TimerEvent: {}
[4.913247] (-) TimerEvent: {}
[5.013618] (-) TimerEvent: {}
[5.113983] (-) TimerEvent: {}
[5.214356] (-) TimerEvent: {}
[5.314736] (-) TimerEvent: {}
[5.415070] (-) TimerEvent: {}
[5.515432] (-) TimerEvent: {}
[5.615792] (-) TimerEvent: {}
[5.716149] (-) TimerEvent: {}
[5.816537] (-) TimerEvent: {}
[5.916899] (-) TimerEvent: {}
[6.017243] (-) TimerEvent: {}
[6.117584] (-) TimerEvent: {}
[6.217928] (-) TimerEvent: {}
[6.318285] (-) TimerEvent: {}
[6.337747] (number_square_cpp) StdoutLine: {'line': b'[100%] \x1b[32m\x1b[1mLinking CXX executable square_subscriber\x1b[0m\n'}
[6.418489] (-) TimerEvent: {}
[6.518901] (-) TimerEvent: {}
[6.570304] (number_square_cpp) StdoutLine: {'line': b'[100%] Built target square_subscriber\n'}
[6.581180] (number_square_cpp) CommandEnded: {'returncode': 0}
[6.581641] (number_square_cpp) JobProgress: {'identifier': 'number_square_cpp', 'progress': 'install'}
[6.591970] (number_square_cpp) Command: {'cmd': ['/usr/bin/cmake', '--install', '/home/arpit/ros2_ws/build/number_square_cpp'], 'cwd': '/home/arpit/ros2_ws/build/number_square_cpp', 'env': OrderedDict([('LANGUAGE', 'en_IN:en'), ('USER', 'arpit'), ('XDG_SESSION_TYPE', 'wayland'), ('SHLVL', '1'), ('LD_LIBRARY_PATH', '/usr/lib/x86_64-linux-gnu/gazebo-11/plugins:/opt/ros/humble/opt/rviz_ogre_vendor/lib:/opt/ros/humble/lib/x86_64-linux-gnu:/opt/ros/humble/lib'), ('OLDPWD', '/home/arpit'), ('HOME', '/home/arpit'), ('DESKTOP_SESSION', 'ubuntu'), ('GTK_MODULES', 'gail:atk-bridge'), ('GNOME_SHELL_SESSION_MODE', 'ubuntu'), ('ROS_PYTHON_VERSION', '3'), ('SYSTEMD_EXEC_PID', '1662'), ('DBUS_SESSION_BUS_ADDRESS', 'unix:path=/run/user/1000/bus'), ('COLORTERM', 'truecolor'), ('WAYLAND_DISPLAY', 'wayland-0'), ('ROS_DISTRO', 'humble'), ('LOGNAME', 'arpit'), ('_', '/usr/bin/colcon'), ('XDG_SESSION_CLASS', 'user'), ('ROS_VERSION', '2'), ('USERNAME', 'arpit'), ('TERM', 'xterm-256color'), ('GNOME_DESKTOP_SESSION_ID', 'this-is-deprecated'), ('ROS_LOCALHOST_ONLY', '0'), ('PATH', '/opt/ros/humble/bin:/usr/local/sbin:/usr/local/bin:/usr/sbin:/usr/bin:/sbin:/bin:/usr/games:/usr/local/games:/snap/bin:/snap/bin'), ('SESSION_MANAGER', 'local/sri:@/tmp/.ICE-unix/1625,unix/sri:/tmp/.ICE-unix/1625'), ('GNOME_TERMINAL_SCREEN', '/org/gnome/Terminal/screen/e73070e7_b057_4bdc_bcf8_fdbe7148f952'), ('XDG_MENU_PREFIX', 'gnome-'), ('GNOME_SETUP_DISPLAY', ':1'), ('XDG_RUNTIME_DIR', '/run/user/1000'), ('DISPLAY', ':0'), ('LANG', 'en_US.UTF-8'), ('XDG_CURRENT_DESKTOP', 'ubuntu:GNOME'), ('XDG_SESSION_DESKTOP', 'ubuntu'), ('GNOME_TERMINAL_SERVICE', ':1.146'), ('XMODIFIERS', '@im=ibus'), ('XAUTHORITY', '/run/user/1000/.mutter-Xwaylandauth.ZKWD62'), ('SSH_AUTH_SOCK', '/run/user/1000/keyring/ssh'), ('SSH_AGENT_LAUNCHER', 'gnome-keyring'), ('AMENT_PREFIX_PATH', '/opt/ros/humble'), ('SHELL', '/usr/bin/zsh'), ('QT_ACCESSIBILITY', '1'), ('GDMSESSION', 'ubuntu'), ('QT_IM_MODULE', 'ibus'), ('LC_ALL', 'en_US.UTF-8'), ('PWD', '/home/arpit/ros2_ws/build/number_square_cpp'), ('XDG_DATA_DIRS', '/usr/local/share/:/usr/share/:/var/lib/snapd/desktop'), ('PYTHONPATH', '/opt/ros/humble/lib/python3.10/site-packages:/opt/ros/humble/local/lib/python3.10/dist-packages'), ('COLCON', '1'), ('VTE_VERSION', '6800'), ('CMAKE_PREFIX_PATH', '/opt/ros/humble')]), 'shell': False}
[6.601332] (number_square_cpp) StdoutLine: {'line': b'-- Install configuration: ""\n'}
[6.601529] (number_square_cpp) StdoutLine: {'line': b'-- Installing: /home/arpit/ros2_ws/install/number_square_cpp/lib/number_square_cpp/number_publisher\n'}
[6.602703] (number_square_cpp) StdoutLine: {'line': b'-- Set runtime path of "/home/arpit/ros2_ws/install/number_square_cpp/lib/number_square_cpp/number_publisher" to ""\n'}
[6.602866] (number_square_cpp) StdoutLine: {'line': b'-- Installing: /home/arpit/ros2_ws/install/number_square_cpp/lib/number_square_cpp/square_subscriber\n'}
[6.605219] (number_square_cpp) StdoutLine: {'line': b'-- Set runtime path of "/home/arpit/ros2_ws/install/number_square_cpp/lib/number_square_cpp/square_subscriber" to ""\n'}
[6.605363] (number_square_cpp) StdoutLine: {'line': b'-- Installing: /home/arpit/ros2_ws/install/number_square_cpp/share/ament_index/resource_index/package_run_dependencies/number_square_cpp\n'}
[6.605425] (number_square_cpp) StdoutLine: {'line': b'-- Installing: /home/arpit/ros2_ws/install/number_square_cpp/share/ament_index/resource_index/parent_prefix_path/number_square_cpp\n'}
[6.605523] (number_square_cpp) StdoutLine: {'line': b'-- Installing: /home/arpit/ros2_ws/install/number_square_cpp/share/number_square_cpp/environment/ament_prefix_path.sh\n'}
[6.605608] (number_square_cpp) StdoutLine: {'line': b'-- Installing: /home/arpit/ros2_ws/install/number_square_cpp/share/number_square_cpp/environment/ament_prefix_path.dsv\n'}
[6.605659] (number_square_cpp) StdoutLine: {'line': b'-- Installing: /home/arpit/ros2_ws/install/number_square_cpp/share/number_square_cpp/environment/path.sh\n'}
[6.605744] (number_square_cpp) StdoutLine: {'line': b'-- Installing: /home/arpit/ros2_ws/install/number_square_cpp/share/number_square_cpp/environment/path.dsv\n'}
[6.605815] (number_square_cpp) StdoutLine: {'line': b'-- Installing: /home/arpit/ros2_ws/install/number_square_cpp/share/number_square_cpp/local_setup.bash\n'}
[6.605863] (number_square_cpp) StdoutLine: {'line': b'-- Installing: /home/arpit/ros2_ws/install/number_square_cpp/share/number_square_cpp/local_setup.sh\n'}
[6.605951] (number_square_cpp) StdoutLine: {'line': b'-- Installing: /home/arpit/ros2_ws/install/number_square_cpp/share/number_square_cpp/local_setup.zsh\n'}
[6.606029] (number_square_cpp) StdoutLine: {'line': b'-- Installing: /home/arpit/ros2_ws/install/number_square_cpp/share/number_square_cpp/local_setup.dsv\n'}
[6.606076] (number_square_cpp) StdoutLine: {'line': b'-- Installing: /home/arpit/ros2_ws/install/number_square_cpp/share/number_square_cpp/package.dsv\n'}
[6.606149] (number_square_cpp) StdoutLine: {'line': b'-- Installing: /home/arpit/ros2_ws/install/number_square_cpp/share/ament_index/resource_index/packages/number_square_cpp\n'}
[6.606198] (number_square_cpp) StdoutLine: {'line': b'-- Installing: /home/arpit/ros2_ws/install/number_square_cpp/share/number_square_cpp/cmake/number_square_cppConfig.cmake\n'}
[6.606263] (number_square_cpp) StdoutLine: {'line': b'-- Installing: /home/arpit/ros2_ws/install/number_square_cpp/share/number_square_cpp/cmake/number_square_cppConfig-version.cmake\n'}
[6.606324] (number_square_cpp) StdoutLine: {'line': b'-- Installing: /home/arpit/ros2_ws/install/number_square_cpp/share/number_square_cpp/package.xml\n'}
[6.608050] (number_square_cpp) CommandEnded: {'returncode': 0}
[6.619062] (-) TimerEvent: {}
[6.632196] (number_square_cpp) JobEnded: {'identifier': 'number_square_cpp', 'rc': 0}
[6.632634] (-) EventReactorShutdown: {}
