[0.000000] (-) TimerEvent: {}
[0.000475] (-) JobUnselected: {'identifier': 'number_square_cpp'}
[0.000572] (number_square_py) JobQueued: {'identifier': 'number_square_py', 'dependencies': OrderedDict()}
[0.000657] (number_square_py) JobStarted: {'identifier': 'number_square_py'}
[0.099838] (-) TimerEvent: {}
[0.200176] (-) TimerEvent: {}
[0.300827] (-) TimerEvent: {}
[0.401287] (-) TimerEvent: {}
[0.501847] (-) TimerEvent: {}
[0.545242] (number_square_py) Command: {'cmd': ['/usr/bin/python3', '-W', 'ignore:setup.py install is deprecated', '-W', 'ignore:easy_install command is deprecated', 'setup.py', 'egg_info', '--egg-base', '../../build/number_square_py', 'build', '--build-base', '/home/arpit/ros2_ws/build/number_square_py/build', 'install', '--record', '/home/arpit/ros2_ws/build/number_square_py/install.log', '--single-version-externally-managed', 'install_data'], 'cwd': '/home/arpit/ros2_ws/src/number_square_py', 'env': {'LANGUAGE': 'en_IN:en', 'USER': 'arpit', 'XDG_SESSION_TYPE': 'wayland', 'SHLVL': '1', 'LD_LIBRARY_PATH': '/usr/lib/x86_64-linux-gnu/gazebo-11/plugins:/opt/ros/humble/opt/rviz_ogre_vendor/lib:/opt/ros/humble/lib/x86_64-linux-gnu:/opt/ros/humble/lib', 'OLDPWD': '/home/arpit', 'HOME': '/home/arpit', 'DESKTOP_SESSION': 'ubuntu', 'GTK_MODULES': 'gail:atk-bridge', 'GNOME_SHELL_SESSION_MODE': 'ubuntu', 'ROS_PYTHON_VERSION': '3', 'SYSTEMD_EXEC_PID': '1662', 'DBUS_SESSION_BUS_ADDRESS': 'unix:path=/run/user/1000/bus', 'COLORTERM': 'truecolor', 'WAYLAND_DISPLAY': 'wayland-0', 'ROS_DISTRO': 'humble', 'LOGNAME': 'arpit', '_': '/usr/bin/colcon', 'XDG_SESSION_CLASS': 'user', 'ROS_VERSION': '2', 'USERNAME': 'arpit', 'TERM': 'xterm-256color', 'GNOME_DESKTOP_SESSION_ID': 'this-is-deprecated', 'ROS_LOCALHOST_ONLY': '0', 'PATH': '/opt/ros/humble/bin:/usr/local/sbin:/usr/local/bin:/usr/sbin:/usr/bin:/sbin:/bin:/usr/games:/usr/local/games:/snap/bin:/snap/bin', 'SESSION_MANAGER': 'local/sri:@/tmp/.ICE-unix/1625,unix/sri:/tmp/.ICE-unix/1625', 'GNOME_TERMINAL_SCREEN': '/org/gnome/Terminal/screen/e73070e7_b057_4bdc_bcf8_fdbe7148f952', 'XDG_MENU_PREFIX': 'gnome-', 'GNOME_SETUP_DISPLAY': ':1', 'XDG_RUNTIME_DIR': '/run/user/1000', 'DISPLAY': ':0', 'LANG': 'en_US.UTF-8', 'XDG_CURRENT_DESKTOP': 'ubuntu:GNOME', 'XDG_SESSION_DESKTOP': 'ubuntu', 'GNOME_TERMINAL_SERVICE': ':1.146', 'XMODIFIERS': '@im=ibus', 'XAUTHORITY': '/run/user/1000/.mutter-Xwaylandauth.ZKWD62', 'SSH_AUTH_SOCK': '/run/user/1000/keyring/ssh', 'SSH_AGENT_LAUNCHER': 'gnome-keyring', 'AMENT_PREFIX_PATH': '/opt/ros/humble', 'SHELL': '/usr/bin/zsh', 'QT_ACCESSIBILITY': '1', 'GDMSESSION': 'ubuntu', 'QT_IM_MODULE': 'ibus', 'LC_ALL': 'en_US.UTF-8', 'PWD': '/home/arpit/ros2_ws/build/number_square_py', 'XDG_DATA_DIRS': '/usr/local/share/:/usr/share/:/var/lib/snapd/desktop', 'PYTHONPATH': '/home/arpit/ros2_ws/build/number_square_py/prefix_override:/usr/lib/python3/dist-packages/colcon_core/task/python/colcon_distutils_commands:/home/arpit/ros2_ws/install/number_square_py/lib/python3.10/site-packages:/opt/ros/humble/lib/python3.10/site-packages:/opt/ros/humble/local/lib/python3.10/dist-packages', 'COLCON': '1', 'VTE_VERSION': '6800'}, 'shell': False}
[0.601932] (-) TimerEvent: {}
[0.694690] (number_square_py) StdoutLine: {'line': b'running egg_info\n'}
[0.695116] (number_square_py) StdoutLine: {'line': b'creating ../../build/number_square_py/number_square_py.egg-info\n'}
[0.695199] (number_square_py) StdoutLine: {'line': b'writing ../../build/number_square_py/number_square_py.egg-info/PKG-INFO\n'}
[0.695362] (number_square_py) StdoutLine: {'line': b'writing dependency_links to ../../build/number_square_py/number_square_py.egg-info/dependency_links.txt\n'}
[0.695475] (number_square_py) StdoutLine: {'line': b'writing entry points to ../../build/number_square_py/number_square_py.egg-info/entry_points.txt\n'}
[0.695532] (number_square_py) StdoutLine: {'line': b'writing requirements to ../../build/number_square_py/number_square_py.egg-info/requires.txt\n'}
[0.695581] (number_square_py) StdoutLine: {'line': b'writing top-level names to ../../build/number_square_py/number_square_py.egg-info/top_level.txt\n'}
[0.695666] (number_square_py) StdoutLine: {'line': b"writing manifest file '../../build/number_square_py/number_square_py.egg-info/SOURCES.txt'\n"}
[0.696671] (number_square_py) StdoutLine: {'line': b"reading manifest file '../../build/number_square_py/number_square_py.egg-info/SOURCES.txt'\n"}
[0.697106] (number_square_py) StdoutLine: {'line': b"writing manifest file '../../build/number_square_py/number_square_py.egg-info/SOURCES.txt'\n"}
[0.697187] (number_square_py) StdoutLine: {'line': b'running build\n'}
[0.697254] (number_square_py) StdoutLine: {'line': b'running build_py\n'}
[0.697323] (number_square_py) StdoutLine: {'line': b'creating /home/arpit/ros2_ws/build/number_square_py/build\n'}
[0.697360] (number_square_py) StdoutLine: {'line': b'creating /home/arpit/ros2_ws/build/number_square_py/build/lib\n'}
[0.697388] (number_square_py) StdoutLine: {'line': b'creating /home/arpit/ros2_ws/build/number_square_py/build/lib/number_square_py\n'}
[0.697416] (number_square_py) StdoutLine: {'line': b'copying number_square_py/number_publisher.py -> /home/arpit/ros2_ws/build/number_square_py/build/lib/number_square_py\n'}
[0.698186] (number_square_py) StdoutLine: {'line': b'copying number_square_py/square_subscriber.py -> /home/arpit/ros2_ws/build/number_square_py/build/lib/number_square_py\n'}
[0.698341] (number_square_py) StdoutLine: {'line': b'copying number_square_py/__init__.py -> /home/arpit/ros2_ws/build/number_square_py/build/lib/number_square_py\n'}
[0.698470] (number_square_py) StdoutLine: {'line': b'running install\n'}
[0.698703] (number_square_py) StdoutLine: {'line': b'running install_lib\n'}
[0.699257] (number_square_py) StdoutLine: {'line': b'creating /home/arpit/ros2_ws/install/number_square_py/lib/python3.10/site-packages/number_square_py\n'}
[0.699338] (number_square_py) StdoutLine: {'line': b'copying /home/arpit/ros2_ws/build/number_square_py/build/lib/number_square_py/number_publisher.py -> /home/arpit/ros2_ws/install/number_square_py/lib/python3.10/site-packages/number_square_py\n'}
[0.699416] (number_square_py) StdoutLine: {'line': b'copying /home/arpit/ros2_ws/build/number_square_py/build/lib/number_square_py/square_subscriber.py -> /home/arpit/ros2_ws/install/number_square_py/lib/python3.10/site-packages/number_square_py\n'}
[0.699474] (number_square_py) StdoutLine: {'line': b'copying /home/arpit/ros2_ws/build/number_square_py/build/lib/number_square_py/__init__.py -> /home/arpit/ros2_ws/install/number_square_py/lib/python3.10/site-packages/number_square_py\n'}
[0.699779] (number_square_py) StdoutLine: {'line': b'byte-compiling /home/arpit/ros2_ws/install/number_square_py/lib/python3.10/site-packages/number_square_py/number_publisher.py to number_publisher.cpython-310.pyc\n'}
[0.700139] (number_square_py) StdoutLine: {'line': b'byte-compiling /home/arpit/ros2_ws/install/number_square_py/lib/python3.10/site-packages/number_square_py/square_subscriber.py to square_subscriber.cpython-310.pyc\n'}
[0.700367] (number_square_py) StdoutLine: {'line': b'byte-compiling /home/arpit/ros2_ws/install/number_square_py/lib/python3.10/site-packages/number_square_py/__init__.py to __init__.cpython-310.pyc\n'}
[0.700459] (number_square_py) StdoutLine: {'line': b'running install_data\n'}
[0.700537] (number_square_py) StdoutLine: {'line': b'creating /home/arpit/ros2_ws/install/number_square_py/share/ament_index\n'}
[0.700615] (number_square_py) StdoutLine: {'line': b'creating /home/arpit/ros2_ws/install/number_square_py/share/ament_index/resource_index\n'}
[0.700676] (number_square_py) StdoutLine: {'line': b'creating /home/arpit/ros2_ws/install/number_square_py/share/ament_index/resource_index/packages\n'}
[0.700747] (number_square_py) StdoutLine: {'line': b'copying resource/number_square_py -> /home/arpit/ros2_ws/install/number_square_py/share/ament_index/resource_index/packages\n'}
[0.700802] (number_square_py) StdoutLine: {'line': b'copying package.xml -> /home/arpit/ros2_ws/install/number_square_py/share/number_square_py\n'}
[0.700867] (number_square_py) StdoutLine: {'line': b'running install_egg_info\n'}
[0.701999] (-) TimerEvent: {}
[0.702570] (number_square_py) StdoutLine: {'line': b'Copying ../../build/number_square_py/number_square_py.egg-info to /home/arpit/ros2_ws/install/number_square_py/lib/python3.10/site-packages/number_square_py-0.0.0-py3.10.egg-info\n'}
[0.702916] (number_square_py) StdoutLine: {'line': b'running install_scripts\n'}
[0.715540] (number_square_py) StdoutLine: {'line': b'Installing number_publisher script to /home/arpit/ros2_ws/install/number_square_py/lib/number_square_py\n'}
[0.715641] (number_square_py) StdoutLine: {'line': b'Installing square_subscriber script to /home/arpit/ros2_ws/install/number_square_py/lib/number_square_py\n'}
[0.715746] (number_square_py) StdoutLine: {'line': b"writing list of installed files to '/home/arpit/ros2_ws/build/number_square_py/install.log'\n"}
[0.729152] (number_square_py) CommandEnded: {'returncode': 0}
[0.735482] (number_square_py) JobEnded: {'identifier': 'number_square_py', 'rc': 0}
[0.735797] (-) EventReactorShutdown: {}
