[0.006s] Invoking command in '/home/arpit/ros2_ws/build/number_square_cpp': CMAKE_PREFIX_PATH=/opt/ros/humble /usr/bin/cmake /home/arpit/ros2_ws/src/number_square_cpp -DCMAKE_INSTALL_PREFIX=/home/arpit/ros2_ws/install/number_square_cpp
[0.056s] -- The C compiler identification is GNU 11.4.0
[0.111s] -- The CXX compiler identification is GNU 11.4.0
[0.117s] -- Detecting C compiler ABI info
[0.195s] -- Detecting C compiler ABI info - done
[0.202s] -- Check for working C compiler: /usr/bin/cc - skipped
[0.203s] -- Detecting C compile features
[0.203s] -- Detecting C compile features - done
[0.205s] -- Detecting CXX compiler ABI info
[0.283s] -- Detecting CXX compiler ABI info - done
[0.288s] -- Check for working CXX compiler: /usr/bin/c++ - skipped
[0.288s] -- Detecting CXX compile features
[0.289s] -- Detecting CXX compile features - done
[0.290s] -- Found ament_cmake: 1.3.11 (/opt/ros/humble/share/ament_cmake/cmake)
[0.407s] -- Found Python3: /usr/bin/python3 (found version "3.10.12") found components: Interpreter 
[0.463s] -- Found rclcpp: 16.0.12 (/opt/ros/humble/share/rclcpp/cmake)
[0.488s] -- Found rosidl_generator_c: 3.1.6 (/opt/ros/humble/share/rosidl_generator_c/cmake)
[0.490s] -- Found rosidl_adapter: 3.1.6 (/opt/ros/humble/share/rosidl_adapter/cmake)
[0.495s] -- Found rosidl_generator_cpp: 3.1.6 (/opt/ros/humble/share/rosidl_generator_cpp/cmake)
[0.502s] -- Using all available rosidl_typesupport_c: rosidl_typesupport_fastrtps_c;rosidl_typesupport_introspection_c
[0.512s] -- Using all available rosidl_typesupport_cpp: rosidl_typesupport_fastrtps_cpp;rosidl_typesupport_introspection_cpp
[0.537s] -- Found rmw_implementation_cmake: 6.1.2 (/opt/ros/humble/share/rmw_implementation_cmake/cmake)
[0.539s] -- Found rmw_fastrtps_cpp: 6.2.7 (/opt/ros/humble/share/rmw_fastrtps_cpp/cmake)
[0.614s] -- Found OpenSSL: /usr/lib/x86_64-linux-gnu/libcrypto.so (found version "3.0.2")  
[0.636s] -- Found FastRTPS: /opt/ros/humble/include  
[0.664s] -- Using RMW implementation 'rmw_fastrtps_cpp' as default
[0.668s] -- Looking for pthread.h
[0.725s] -- Looking for pthread.h - found
[0.726s] -- Performing Test CMAKE_HAVE_LIBC_PTHREAD
[0.801s] -- Performing Test CMAKE_HAVE_LIBC_PTHREAD - Success
[0.803s] -- Found Threads: TRUE  
[0.841s] -- Found ament_lint_auto: 0.12.12 (/opt/ros/humble/share/ament_lint_auto/cmake)
[0.896s] -- Added test 'cppcheck' to perform static code analysis on C / C++ code
[0.896s] -- Configured cppcheck include dirs: 
[0.896s] -- Configured cppcheck exclude dirs and/or files: 
[0.896s] -- Added test 'lint_cmake' to check CMake code style
[0.897s] -- Added test 'uncrustify' to check C / C++ code style
[0.897s] -- Configured uncrustify additional arguments: 
[0.897s] -- Added test 'xmllint' to check XML markup files
[0.898s] -- Configuring done
[0.907s] -- Generating done
[0.910s] -- Build files have been written to: /home/arpit/ros2_ws/build/number_square_cpp
[0.916s] Invoked command in '/home/arpit/ros2_ws/build/number_square_cpp' returned '0': CMAKE_PREFIX_PATH=/opt/ros/humble /usr/bin/cmake /home/arpit/ros2_ws/src/number_square_cpp -DCMAKE_INSTALL_PREFIX=/home/arpit/ros2_ws/install/number_square_cpp
[0.917s] Invoking command in '/home/arpit/ros2_ws/build/number_square_cpp': CMAKE_PREFIX_PATH=/opt/ros/humble /usr/bin/cmake --build /home/arpit/ros2_ws/build/number_square_cpp -- -j16 -l16
[0.973s] [ 25%] [32mBuilding CXX object CMakeFiles/square_subscriber.dir/src/square_subscriber.cpp.o[0m
[0.973s] [ 50%] [32mBuilding CXX object CMakeFiles/number_publisher.dir/src/number_publisher.cpp.o[0m
[3.554s] [ 75%] [32m[1mLinking CXX executable number_publisher[0m
[3.674s] [ 75%] Built target number_publisher
[5.955s] [100%] [32m[1mLinking CXX executable square_subscriber[0m
[6.200s] [100%] Built target square_subscriber
[6.210s] Invoked command in '/home/arpit/ros2_ws/build/number_square_cpp' returned '0': CMAKE_PREFIX_PATH=/opt/ros/humble /usr/bin/cmake --build /home/arpit/ros2_ws/build/number_square_cpp -- -j16 -l16
[6.220s] Invoking command in '/home/arpit/ros2_ws/build/number_square_cpp': CMAKE_PREFIX_PATH=/opt/ros/humble /usr/bin/cmake --install /home/arpit/ros2_ws/build/number_square_cpp
[6.228s] -- Install configuration: ""
[6.228s] -- Installing: /home/arpit/ros2_ws/install/number_square_cpp/lib/number_square_cpp/number_publisher
[6.229s] -- Set runtime path of "/home/arpit/ros2_ws/install/number_square_cpp/lib/number_square_cpp/number_publisher" to ""
[6.229s] -- Installing: /home/arpit/ros2_ws/install/number_square_cpp/lib/number_square_cpp/square_subscriber
[6.231s] -- Set runtime path of "/home/arpit/ros2_ws/install/number_square_cpp/lib/number_square_cpp/square_subscriber" to ""
[6.231s] -- Installing: /home/arpit/ros2_ws/install/number_square_cpp/share/ament_index/resource_index/package_run_dependencies/number_square_cpp
[6.231s] -- Installing: /home/arpit/ros2_ws/install/number_square_cpp/share/ament_index/resource_index/parent_prefix_path/number_square_cpp
[6.231s] -- Installing: /home/arpit/ros2_ws/install/number_square_cpp/share/number_square_cpp/environment/ament_prefix_path.sh
[6.231s] -- Installing: /home/arpit/ros2_ws/install/number_square_cpp/share/number_square_cpp/environment/ament_prefix_path.dsv
[6.231s] -- Installing: /home/arpit/ros2_ws/install/number_square_cpp/share/number_square_cpp/environment/path.sh
[6.231s] -- Installing: /home/arpit/ros2_ws/install/number_square_cpp/share/number_square_cpp/environment/path.dsv
[6.231s] -- Installing: /home/arpit/ros2_ws/install/number_square_cpp/share/number_square_cpp/local_setup.bash
[6.232s] -- Installing: /home/arpit/ros2_ws/install/number_square_cpp/share/number_square_cpp/local_setup.sh
[6.232s] -- Installing: /home/arpit/ros2_ws/install/number_square_cpp/share/number_square_cpp/local_setup.zsh
[6.232s] -- Installing: /home/arpit/ros2_ws/install/number_square_cpp/share/number_square_cpp/local_setup.dsv
[6.232s] -- Installing: /home/arpit/ros2_ws/install/number_square_cpp/share/number_square_cpp/package.dsv
[6.232s] -- Installing: /home/arpit/ros2_ws/install/number_square_cpp/share/ament_index/resource_index/packages/number_square_cpp
[6.232s] -- Installing: /home/arpit/ros2_ws/install/number_square_cpp/share/number_square_cpp/cmake/number_square_cppConfig.cmake
[6.232s] -- Installing: /home/arpit/ros2_ws/install/number_square_cpp/share/number_square_cpp/cmake/number_square_cppConfig-version.cmake
[6.232s] -- Installing: /home/arpit/ros2_ws/install/number_square_cpp/share/number_square_cpp/package.xml
[6.233s] Invoked command in '/home/arpit/ros2_ws/build/number_square_cpp' returned '0': CMAKE_PREFIX_PATH=/opt/ros/humble /usr/bin/cmake --install /home/arpit/ros2_ws/build/number_square_cpp
