[0.008s] Invoking command in '/home/arpit/ros2_ws/build/number_square_cpp': CMAKE_PREFIX_PATH=/opt/ros/humble /usr/bin/cmake /home/arpit/ros2_ws/src/number_square_cpp -DCMAKE_INSTALL_PREFIX=/home/arpit/ros2_ws/install/number_square_cpp
[0.156s] -- The C compiler identification is GNU 11.4.0
[0.262s] -- The CXX compiler identification is GNU 11.4.0
[0.270s] -- Detecting C compiler ABI info
[0.346s] -- Detecting C compiler ABI info - done
[0.356s] -- Check for working C compiler: /usr/bin/cc - skipped
[0.357s] -- Detecting C compile features
[0.358s] -- Detecting C compile features - done
[0.362s] -- Detecting CXX compiler ABI info
[0.451s] -- Detecting CXX compiler ABI info - done
[0.459s] -- Check for working CXX compiler: /usr/bin/c++ - skipped
[0.459s] -- Detecting CXX compile features
[0.459s] -- Detecting CXX compile features - done
[0.464s] -- Found ament_cmake: 1.3.11 (/opt/ros/humble/share/ament_cmake/cmake)
[0.602s] -- Found Python3: /usr/bin/python3 (found version "3.10.12") found components: Interpreter 
[0.685s] -- Found rclcpp: 16.0.12 (/opt/ros/humble/share/rclcpp/cmake)
[0.733s] -- Found rosidl_generator_c: 3.1.6 (/opt/ros/humble/share/rosidl_generator_c/cmake)
[0.736s] -- Found rosidl_adapter: 3.1.6 (/opt/ros/humble/share/rosidl_adapter/cmake)
[0.743s] -- Found rosidl_generator_cpp: 3.1.6 (/opt/ros/humble/share/rosidl_generator_cpp/cmake)
[0.754s] -- Using all available rosidl_typesupport_c: rosidl_typesupport_fastrtps_c;rosidl_typesupport_introspection_c
[0.770s] -- Using all available rosidl_typesupport_cpp: rosidl_typesupport_fastrtps_cpp;rosidl_typesupport_introspection_cpp
[0.803s] -- Found rmw_implementation_cmake: 6.1.2 (/opt/ros/humble/share/rmw_implementation_cmake/cmake)
[0.806s] -- Found rmw_fastrtps_cpp: 6.2.7 (/opt/ros/humble/share/rmw_fastrtps_cpp/cmake)
[0.889s] -- Found OpenSSL: /usr/lib/x86_64-linux-gnu/libcrypto.so (found version "3.0.2")  
[0.919s] -- Found FastRTPS: /opt/ros/humble/include  
[0.953s] -- Using RMW implementation 'rmw_fastrtps_cpp' as default
[0.962s] -- Looking for pthread.h
[1.045s] -- Looking for pthread.h - found
[1.046s] -- Performing Test CMAKE_HAVE_LIBC_PTHREAD
[1.133s] -- Performing Test CMAKE_HAVE_LIBC_PTHREAD - Success
[1.134s] -- Found Threads: TRUE  
[1.177s] -- Found ament_lint_auto: 0.12.12 (/opt/ros/humble/share/ament_lint_auto/cmake)
[1.233s] -- Added test 'cppcheck' to perform static code analysis on C / C++ code
[1.233s] -- Configured cppcheck include dirs: 
[1.233s] -- Configured cppcheck exclude dirs and/or files: 
[1.234s] -- Added test 'lint_cmake' to check CMake code style
[1.235s] -- Added test 'uncrustify' to check C / C++ code style
[1.235s] -- Configured uncrustify additional arguments: 
[1.236s] -- Added test 'xmllint' to check XML markup files
[1.237s] -- Configuring done
[1.244s] -- Generating done
[1.246s] -- Build files have been written to: /home/arpit/ros2_ws/build/number_square_cpp
[1.253s] Invoked command in '/home/arpit/ros2_ws/build/number_square_cpp' returned '0': CMAKE_PREFIX_PATH=/opt/ros/humble /usr/bin/cmake /home/arpit/ros2_ws/src/number_square_cpp -DCMAKE_INSTALL_PREFIX=/home/arpit/ros2_ws/install/number_square_cpp
[1.253s] Invoking command in '/home/arpit/ros2_ws/build/number_square_cpp': CMAKE_PREFIX_PATH=/opt/ros/humble /usr/bin/cmake --build /home/arpit/ros2_ws/build/number_square_cpp -- -j16 -l16
[1.300s] [ 25%] [32mBuilding CXX object CMakeFiles/square_subscriber.dir/src/square_subscriber.cpp.o[0m
[1.301s] [ 50%] [32mBuilding CXX object CMakeFiles/number_publisher.dir/src/number_publisher.cpp.o[0m
[3.966s] [ 75%] [32m[1mLinking CXX executable number_publisher[0m
[4.087s] [ 75%] Built target number_publisher
[6.338s] [100%] [32m[1mLinking CXX executable square_subscriber[0m
[6.570s] [100%] Built target square_subscriber
[6.581s] Invoked command in '/home/arpit/ros2_ws/build/number_square_cpp' returned '0': CMAKE_PREFIX_PATH=/opt/ros/humble /usr/bin/cmake --build /home/arpit/ros2_ws/build/number_square_cpp -- -j16 -l16
[6.592s] Invoking command in '/home/arpit/ros2_ws/build/number_square_cpp': CMAKE_PREFIX_PATH=/opt/ros/humble /usr/bin/cmake --install /home/arpit/ros2_ws/build/number_square_cpp
[6.601s] -- Install configuration: ""
[6.601s] -- Installing: /home/arpit/ros2_ws/install/number_square_cpp/lib/number_square_cpp/number_publisher
[6.603s] -- Set runtime path of "/home/arpit/ros2_ws/install/number_square_cpp/lib/number_square_cpp/number_publisher" to ""
[6.603s] -- Installing: /home/arpit/ros2_ws/install/number_square_cpp/lib/number_square_cpp/square_subscriber
[6.605s] -- Set runtime path of "/home/arpit/ros2_ws/install/number_square_cpp/lib/number_square_cpp/square_subscriber" to ""
[6.605s] -- Installing: /home/arpit/ros2_ws/install/number_square_cpp/share/ament_index/resource_index/package_run_dependencies/number_square_cpp
[6.605s] -- Installing: /home/arpit/ros2_ws/install/number_square_cpp/share/ament_index/resource_index/parent_prefix_path/number_square_cpp
[6.605s] -- Installing: /home/arpit/ros2_ws/install/number_square_cpp/share/number_square_cpp/environment/ament_prefix_path.sh
[6.605s] -- Installing: /home/arpit/ros2_ws/install/number_square_cpp/share/number_square_cpp/environment/ament_prefix_path.dsv
[6.605s] -- Installing: /home/arpit/ros2_ws/install/number_square_cpp/share/number_square_cpp/environment/path.sh
[6.606s] -- Installing: /home/arpit/ros2_ws/install/number_square_cpp/share/number_square_cpp/environment/path.dsv
[6.606s] -- Installing: /home/arpit/ros2_ws/install/number_square_cpp/share/number_square_cpp/local_setup.bash
[6.606s] -- Installing: /home/arpit/ros2_ws/install/number_square_cpp/share/number_square_cpp/local_setup.sh
[6.606s] -- Installing: /home/arpit/ros2_ws/install/number_square_cpp/share/number_square_cpp/local_setup.zsh
[6.606s] -- Installing: /home/arpit/ros2_ws/install/number_square_cpp/share/number_square_cpp/local_setup.dsv
[6.606s] -- Installing: /home/arpit/ros2_ws/install/number_square_cpp/share/number_square_cpp/package.dsv
[6.606s] -- Installing: /home/arpit/ros2_ws/install/number_square_cpp/share/ament_index/resource_index/packages/number_square_cpp
[6.606s] -- Installing: /home/arpit/ros2_ws/install/number_square_cpp/share/number_square_cpp/cmake/number_square_cppConfig.cmake
[6.606s] -- Installing: /home/arpit/ros2_ws/install/number_square_cpp/share/number_square_cpp/cmake/number_square_cppConfig-version.cmake
[6.606s] -- Installing: /home/arpit/ros2_ws/install/number_square_cpp/share/number_square_cpp/package.xml
[6.608s] Invoked command in '/home/arpit/ros2_ws/build/number_square_cpp' returned '0': CMAKE_PREFIX_PATH=/opt/ros/humble /usr/bin/cmake --install /home/arpit/ros2_ws/build/number_square_cpp
