[0.546s] Invoking command in '/home/arpit/ros2_ws/src/number_square_py': PYTHONPATH=/home/arpit/ros2_ws/build/number_square_py/prefix_override:/usr/lib/python3/dist-packages/colcon_core/task/python/colcon_distutils_commands:/home/arpit/ros2_ws/install/number_square_py/lib/python3.10/site-packages:${PYTHONPATH} /usr/bin/python3 -W ignore:setup.py install is deprecated -W ignore:easy_install command is deprecated setup.py egg_info --egg-base ../../build/number_square_py build --build-base /home/arpit/ros2_ws/build/number_square_py/build install --record /home/arpit/ros2_ws/build/number_square_py/install.log --single-version-externally-managed install_data
[0.694s] running egg_info
[0.695s] creating ../../build/number_square_py/number_square_py.egg-info
[0.695s] writing ../../build/number_square_py/number_square_py.egg-info/PKG-INFO
[0.695s] writing dependency_links to ../../build/number_square_py/number_square_py.egg-info/dependency_links.txt
[0.695s] writing entry points to ../../build/number_square_py/number_square_py.egg-info/entry_points.txt
[0.695s] writing requirements to ../../build/number_square_py/number_square_py.egg-info/requires.txt
[0.695s] writing top-level names to ../../build/number_square_py/number_square_py.egg-info/top_level.txt
[0.695s] writing manifest file '../../build/number_square_py/number_square_py.egg-info/SOURCES.txt'
[0.696s] reading manifest file '../../build/number_square_py/number_square_py.egg-info/SOURCES.txt'
[0.696s] writing manifest file '../../build/number_square_py/number_square_py.egg-info/SOURCES.txt'
[0.697s] running build
[0.697s] running build_py
[0.697s] creating /home/arpit/ros2_ws/build/number_square_py/build
[0.697s] creating /home/arpit/ros2_ws/build/number_square_py/build/lib
[0.697s] creating /home/arpit/ros2_ws/build/number_square_py/build/lib/number_square_py
[0.697s] copying number_square_py/number_publisher.py -> /home/arpit/ros2_ws/build/number_square_py/build/lib/number_square_py
[0.698s] copying number_square_py/square_subscriber.py -> /home/arpit/ros2_ws/build/number_square_py/build/lib/number_square_py
[0.698s] copying number_square_py/__init__.py -> /home/arpit/ros2_ws/build/number_square_py/build/lib/number_square_py
[0.698s] running install
[0.698s] running install_lib
[0.699s] creating /home/arpit/ros2_ws/install/number_square_py/lib/python3.10/site-packages/number_square_py
[0.699s] copying /home/arpit/ros2_ws/build/number_square_py/build/lib/number_square_py/number_publisher.py -> /home/arpit/ros2_ws/install/number_square_py/lib/python3.10/site-packages/number_square_py
[0.699s] copying /home/arpit/ros2_ws/build/number_square_py/build/lib/number_square_py/square_subscriber.py -> /home/arpit/ros2_ws/install/number_square_py/lib/python3.10/site-packages/number_square_py
[0.699s] copying /home/arpit/ros2_ws/build/number_square_py/build/lib/number_square_py/__init__.py -> /home/arpit/ros2_ws/install/number_square_py/lib/python3.10/site-packages/number_square_py
[0.699s] byte-compiling /home/arpit/ros2_ws/install/number_square_py/lib/python3.10/site-packages/number_square_py/number_publisher.py to number_publisher.cpython-310.pyc
[0.700s] byte-compiling /home/arpit/ros2_ws/install/number_square_py/lib/python3.10/site-packages/number_square_py/square_subscriber.py to square_subscriber.cpython-310.pyc
[0.700s] byte-compiling /home/arpit/ros2_ws/install/number_square_py/lib/python3.10/site-packages/number_square_py/__init__.py to __init__.cpython-310.pyc
[0.700s] running install_data
[0.700s] creating /home/arpit/ros2_ws/install/number_square_py/share/ament_index
[0.700s] creating /home/arpit/ros2_ws/install/number_square_py/share/ament_index/resource_index
[0.700s] creating /home/arpit/ros2_ws/install/number_square_py/share/ament_index/resource_index/packages
[0.700s] copying resource/number_square_py -> /home/arpit/ros2_ws/install/number_square_py/share/ament_index/resource_index/packages
[0.700s] copying package.xml -> /home/arpit/ros2_ws/install/number_square_py/share/number_square_py
[0.700s] running install_egg_info
[0.702s] Copying ../../build/number_square_py/number_square_py.egg-info to /home/arpit/ros2_ws/install/number_square_py/lib/python3.10/site-packages/number_square_py-0.0.0-py3.10.egg-info
[0.702s] running install_scripts
[0.715s] Installing number_publisher script to /home/arpit/ros2_ws/install/number_square_py/lib/number_square_py
[0.715s] Installing square_subscriber script to /home/arpit/ros2_ws/install/number_square_py/lib/number_square_py
[0.715s] writing list of installed files to '/home/arpit/ros2_ws/build/number_square_py/install.log'
[0.729s] Invoked command in '/home/arpit/ros2_ws/src/number_square_py' returned '0': PYTHONPATH=/home/arpit/ros2_ws/build/number_square_py/prefix_override:/usr/lib/python3/dist-packages/colcon_core/task/python/colcon_distutils_commands:/home/arpit/ros2_ws/install/number_square_py/lib/python3.10/site-packages:${PYTHONPATH} /usr/bin/python3 -W ignore:setup.py install is deprecated -W ignore:easy_install command is deprecated setup.py egg_info --egg-base ../../build/number_square_py build --build-base /home/arpit/ros2_ws/build/number_square_py/build install --record /home/arpit/ros2_ws/build/number_square_py/install.log --single-version-externally-managed install_data
