running egg_info
creating ../../build/number_square_py/number_square_py.egg-info
writing ../../build/number_square_py/number_square_py.egg-info/PKG-INFO
writing dependency_links to ../../build/number_square_py/number_square_py.egg-info/dependency_links.txt
writing entry points to ../../build/number_square_py/number_square_py.egg-info/entry_points.txt
writing requirements to ../../build/number_square_py/number_square_py.egg-info/requires.txt
writing top-level names to ../../build/number_square_py/number_square_py.egg-info/top_level.txt
writing manifest file '../../build/number_square_py/number_square_py.egg-info/SOURCES.txt'
reading manifest file '../../build/number_square_py/number_square_py.egg-info/SOURCES.txt'
writing manifest file '../../build/number_square_py/number_square_py.egg-info/SOURCES.txt'
running build
running build_py
creating /home/arpit/ros2_ws/build/number_square_py/build
creating /home/arpit/ros2_ws/build/number_square_py/build/lib
creating /home/arpit/ros2_ws/build/number_square_py/build/lib/number_square_py
copying number_square_py/number_publisher.py -> /home/arpit/ros2_ws/build/number_square_py/build/lib/number_square_py
copying number_square_py/square_subscriber.py -> /home/arpit/ros2_ws/build/number_square_py/build/lib/number_square_py
copying number_square_py/__init__.py -> /home/arpit/ros2_ws/build/number_square_py/build/lib/number_square_py
running install
running install_lib
creating /home/arpit/ros2_ws/install/number_square_py/lib/python3.10/site-packages/number_square_py
copying /home/arpit/ros2_ws/build/number_square_py/build/lib/number_square_py/number_publisher.py -> /home/arpit/ros2_ws/install/number_square_py/lib/python3.10/site-packages/number_square_py
copying /home/arpit/ros2_ws/build/number_square_py/build/lib/number_square_py/square_subscriber.py -> /home/arpit/ros2_ws/install/number_square_py/lib/python3.10/site-packages/number_square_py
copying /home/arpit/ros2_ws/build/number_square_py/build/lib/number_square_py/__init__.py -> /home/arpit/ros2_ws/install/number_square_py/lib/python3.10/site-packages/number_square_py
byte-compiling /home/arpit/ros2_ws/install/number_square_py/lib/python3.10/site-packages/number_square_py/number_publisher.py to number_publisher.cpython-310.pyc
byte-compiling /home/arpit/ros2_ws/install/number_square_py/lib/python3.10/site-packages/number_square_py/square_subscriber.py to square_subscriber.cpython-310.pyc
byte-compiling /home/arpit/ros2_ws/install/number_square_py/lib/python3.10/site-packages/number_square_py/__init__.py to __init__.cpython-310.pyc
running install_data
creating /home/arpit/ros2_ws/install/number_square_py/share/ament_index
creating /home/arpit/ros2_ws/install/number_square_py/share/ament_index/resource_index
creating /home/arpit/ros2_ws/install/number_square_py/share/ament_index/resource_index/packages
copying resource/number_square_py -> /home/arpit/ros2_ws/install/number_square_py/share/ament_index/resource_index/packages
copying package.xml -> /home/arpit/ros2_ws/install/number_square_py/share/number_square_py
running install_egg_info
Copying ../../build/number_square_py/number_square_py.egg-info to /home/arpit/ros2_ws/install/number_square_py/lib/python3.10/site-packages/number_square_py-0.0.0-py3.10.egg-info
running install_scripts
Installing number_publisher script to /home/arpit/ros2_ws/install/number_square_py/lib/number_square_py
Installing square_subscriber script to /home/arpit/ros2_ws/install/number_square_py/lib/number_square_py
writing list of installed files to '/home/arpit/ros2_ws/build/number_square_py/install.log'
