[0.371s] Invoking command in '/home/arpit/ros2_ws/src/number_square_py': PYTHONPATH=/home/arpit/ros2_ws/build/number_square_py/prefix_override:/usr/lib/python3/dist-packages/colcon_core/task/python/colcon_distutils_commands:/home/arpit/ros2_ws/install/number_square_py/lib/python3.10/site-packages:${PYTHONPATH} /usr/bin/python3 -W ignore:setup.py install is deprecated -W ignore:easy_install command is deprecated setup.py egg_info --egg-base ../../build/number_square_py build --build-base /home/arpit/ros2_ws/build/number_square_py/build install --record /home/arpit/ros2_ws/build/number_square_py/install.log --single-version-externally-managed install_data
[0.511s] running egg_info
[0.511s] creating ../../build/number_square_py/number_square_py.egg-info
[0.511s] writing ../../build/number_square_py/number_square_py.egg-info/PKG-INFO
[0.511s] writing dependency_links to ../../build/number_square_py/number_square_py.egg-info/dependency_links.txt
[0.511s] writing entry points to ../../build/number_square_py/number_square_py.egg-info/entry_points.txt
[0.511s] writing requirements to ../../build/number_square_py/number_square_py.egg-info/requires.txt
[0.511s] writing top-level names to ../../build/number_square_py/number_square_py.egg-info/top_level.txt
[0.511s] writing manifest file '../../build/number_square_py/number_square_py.egg-info/SOURCES.txt'
[0.512s] reading manifest file '../../build/number_square_py/number_square_py.egg-info/SOURCES.txt'
[0.512s] writing manifest file '../../build/number_square_py/number_square_py.egg-info/SOURCES.txt'
[0.513s] running build
[0.513s] running build_py
[0.513s] creating /home/arpit/ros2_ws/build/number_square_py/build
[0.513s] creating /home/arpit/ros2_ws/build/number_square_py/build/lib
[0.513s] creating /home/arpit/ros2_ws/build/number_square_py/build/lib/number_square_py
[0.513s] copying number_square_py/number_publisher.py -> /home/arpit/ros2_ws/build/number_square_py/build/lib/number_square_py
[0.513s] copying number_square_py/square_subscriber.py -> /home/arpit/ros2_ws/build/number_square_py/build/lib/number_square_py
[0.513s] copying number_square_py/__init__.py -> /home/arpit/ros2_ws/build/number_square_py/build/lib/number_square_py
[0.513s] running install
[0.513s] running install_lib
[0.513s] creating /home/arpit/ros2_ws/install/number_square_py/lib/python3.10/site-packages/number_square_py
[0.513s] copying /home/arpit/ros2_ws/build/number_square_py/build/lib/number_square_py/number_publisher.py -> /home/arpit/ros2_ws/install/number_square_py/lib/python3.10/site-packages/number_square_py
[0.514s] copying /home/arpit/ros2_ws/build/number_square_py/build/lib/number_square_py/square_subscriber.py -> /home/arpit/ros2_ws/install/number_square_py/lib/python3.10/site-packages/number_square_py
[0.514s] copying /home/arpit/ros2_ws/build/number_square_py/build/lib/number_square_py/__init__.py -> /home/arpit/ros2_ws/install/number_square_py/lib/python3.10/site-packages/number_square_py
[0.514s] byte-compiling /home/arpit/ros2_ws/install/number_square_py/lib/python3.10/site-packages/number_square_py/number_publisher.py to number_publisher.cpython-310.pyc
[0.514s] byte-compiling /home/arpit/ros2_ws/install/number_square_py/lib/python3.10/site-packages/number_square_py/square_subscriber.py to square_subscriber.cpython-310.pyc
[0.514s] byte-compiling /home/arpit/ros2_ws/install/number_square_py/lib/python3.10/site-packages/number_square_py/__init__.py to __init__.cpython-310.pyc
[0.514s] running install_data
[0.514s] creating /home/arpit/ros2_ws/install/number_square_py/share/ament_index
[0.515s] creating /home/arpit/ros2_ws/install/number_square_py/share/ament_index/resource_index
[0.515s] creating /home/arpit/ros2_ws/install/number_square_py/share/ament_index/resource_index/packages
[0.515s] copying resource/number_square_py -> /home/arpit/ros2_ws/install/number_square_py/share/ament_index/resource_index/packages
[0.515s] copying package.xml -> /home/arpit/ros2_ws/install/number_square_py/share/number_square_py
[0.515s] running install_egg_info
[0.516s] Copying ../../build/number_square_py/number_square_py.egg-info to /home/arpit/ros2_ws/install/number_square_py/lib/python3.10/site-packages/number_square_py-0.0.0-py3.10.egg-info
[0.516s] running install_scripts
[0.529s] Installing number_publisher script to /home/arpit/ros2_ws/install/number_square_py/lib/number_square_py
[0.529s] Installing square_subscriber script to /home/arpit/ros2_ws/install/number_square_py/lib/number_square_py
[0.529s] writing list of installed files to '/home/arpit/ros2_ws/build/number_square_py/install.log'
[0.544s] Invoked command in '/home/arpit/ros2_ws/src/number_square_py' returned '0': PYTHONPATH=/home/arpit/ros2_ws/build/number_square_py/prefix_override:/usr/lib/python3/dist-packages/colcon_core/task/python/colcon_distutils_commands:/home/arpit/ros2_ws/install/number_square_py/lib/python3.10/site-packages:${PYTHONPATH} /usr/bin/python3 -W ignore:setup.py install is deprecated -W ignore:easy_install command is deprecated setup.py egg_info --egg-base ../../build/number_square_py build --build-base /home/arpit/ros2_ws/build/number_square_py/build install --record /home/arpit/ros2_ws/build/number_square_py/install.log --single-version-externally-managed install_data
